Performing C++ SOURCE FILE Test CMAKE_HAVE_LIBC_PTHREAD failed with the following output:
Change Dir: /home/s27909/projects/deep_learning_prjs/_pytorch/_quantized_classifier/quantized-classifier-pytorch/cmake-build-debug/CMakeFiles/CMakeTmp

Run Build Command(s):/usr/bin/make cmTC_f2f2c/fast && /usr/bin/make -f CMakeFiles/cmTC_f2f2c.dir/build.make CMakeFiles/cmTC_f2f2c.dir/build
make[1]: Entering directory '/home/s27909/projects/deep_learning_prjs/_pytorch/_quantized_classifier/quantized-classifier-pytorch/cmake-build-debug/CMakeFiles/CMakeTmp'
Building CXX object CMakeFiles/cmTC_f2f2c.dir/src.cxx.o
/usr/bin/c++    -DCMAKE_HAVE_LIBC_PTHREAD   -o CMakeFiles/cmTC_f2f2c.dir/src.cxx.o -c /home/s27909/projects/deep_learning_prjs/_pytorch/_quantized_classifier/quantized-classifier-pytorch/cmake-build-debug/CMakeFiles/CMakeTmp/src.cxx
Linking CXX executable cmTC_f2f2c
/home/s27909/clion-2019.2.4/bin/cmake/linux/bin/cmake -E cmake_link_script CMakeFiles/cmTC_f2f2c.dir/link.txt --verbose=1
/usr/bin/c++   -DCMAKE_HAVE_LIBC_PTHREAD    CMakeFiles/cmTC_f2f2c.dir/src.cxx.o  -o cmTC_f2f2c 
CMakeFiles/cmTC_f2f2c.dir/src.cxx.o: In function `main':
src.cxx:(.text+0x3e): undefined reference to `pthread_create'
src.cxx:(.text+0x4a): undefined reference to `pthread_detach'
src.cxx:(.text+0x5b): undefined reference to `pthread_join'
src.cxx:(.text+0x6f): undefined reference to `pthread_atfork'
collect2: error: ld returned 1 exit status
CMakeFiles/cmTC_f2f2c.dir/build.make:86: recipe for target 'cmTC_f2f2c' failed
make[1]: *** [cmTC_f2f2c] Error 1
make[1]: Leaving directory '/home/s27909/projects/deep_learning_prjs/_pytorch/_quantized_classifier/quantized-classifier-pytorch/cmake-build-debug/CMakeFiles/CMakeTmp'
Makefile:121: recipe for target 'cmTC_f2f2c/fast' failed
make: *** [cmTC_f2f2c/fast] Error 2


Source file was:
#include <pthread.h>

void* test_func(void* data)
{
  return data;
}

int main(void)
{
  pthread_t thread;
  pthread_create(&thread, NULL, test_func, NULL);
  pthread_detach(thread);
  pthread_join(thread, NULL);
  pthread_atfork(NULL, NULL, NULL);
  pthread_exit(NULL);

  return 0;
}

Determining if the function pthread_create exists in the pthreads failed with the following output:
Change Dir: /home/s27909/projects/deep_learning_prjs/_pytorch/_quantized_classifier/quantized-classifier-pytorch/cmake-build-debug/CMakeFiles/CMakeTmp

Run Build Command(s):/usr/bin/make cmTC_f31c6/fast && /usr/bin/make -f CMakeFiles/cmTC_f31c6.dir/build.make CMakeFiles/cmTC_f31c6.dir/build
make[1]: Entering directory '/home/s27909/projects/deep_learning_prjs/_pytorch/_quantized_classifier/quantized-classifier-pytorch/cmake-build-debug/CMakeFiles/CMakeTmp'
Building CXX object CMakeFiles/cmTC_f31c6.dir/CheckFunctionExists.cxx.o
/usr/bin/c++    -DCHECK_FUNCTION_EXISTS=pthread_create   -o CMakeFiles/cmTC_f31c6.dir/CheckFunctionExists.cxx.o -c /home/s27909/projects/deep_learning_prjs/_pytorch/_quantized_classifier/quantized-classifier-pytorch/cmake-build-debug/CMakeFiles/CheckLibraryExists/CheckFunctionExists.cxx
Linking CXX executable cmTC_f31c6
/home/s27909/clion-2019.2.4/bin/cmake/linux/bin/cmake -E cmake_link_script CMakeFiles/cmTC_f31c6.dir/link.txt --verbose=1
/usr/bin/c++   -DCHECK_FUNCTION_EXISTS=pthread_create    CMakeFiles/cmTC_f31c6.dir/CheckFunctionExists.cxx.o  -o cmTC_f31c6 -lpthreads 
/usr/bin/ld: cannot find -lpthreads
collect2: error: ld returned 1 exit status
CMakeFiles/cmTC_f31c6.dir/build.make:86: recipe for target 'cmTC_f31c6' failed
make[1]: *** [cmTC_f31c6] Error 1
make[1]: Leaving directory '/home/s27909/projects/deep_learning_prjs/_pytorch/_quantized_classifier/quantized-classifier-pytorch/cmake-build-debug/CMakeFiles/CMakeTmp'
Makefile:121: recipe for target 'cmTC_f31c6/fast' failed
make: *** [cmTC_f31c6/fast] Error 2



